#
# There is insufficient memory for the Java Runtime Environment to continue.
# Native memory allocation (mmap) failed to map 134217728 bytes for Failed to commit area from 0x0000000080e00000 to 0x0000000088e00000 of length 134217728.
# Possible reasons:
#   The system is out of physical RAM or swap space
#   The process is running with CompressedOops enabled, and the Java Heap may be blocking the growth of the native heap
# Possible solutions:
#   Reduce memory load on the system
#   Increase physical memory or swap space
#   Check if swap backing store is full
#   Decrease Java heap size (-Xmx/-Xms)
#   Decrease number of Java threads
#   Decrease Java thread stack sizes (-Xss)
#   Set larger code cache with -XX:ReservedCodeCacheSize=
# This output file may be truncated or incomplete.
#
#  Out of Memory Error (t:/workspace/open/src/hotspot/os/windows/os_windows.cpp:3301), pid=10956, tid=2864
#
# JRE version:  (13.0.2+8) (build )
# Java VM: Java HotSpot(TM) 64-Bit Server VM (13.0.2+8, mixed mode, aot, sharing, tiered, compressed oops, g1 gc, windows-amd64)
# No core dump will be written. Minidumps are not enabled by default on client versions of Windows
#

---------------  S U M M A R Y ------------

Command Line: -Dclassworlds.conf=D:\Program Files\maven\apache-maven-3.6.3\bin\..\bin\m2.conf -Dmaven.home=D:\Program Files\maven\apache-maven-3.6.3\bin\.. -Dlibrary.jansi.path=D:\Program Files\maven\apache-maven-3.6.3\bin\..\lib\jansi-native -Dmaven.multiModuleProjectDirectory=E:\googleDrive\me\work\github\motaharinia\learning\Development\javacore org.codehaus.plexus.classworlds.launcher.Launcher javadoc:javadoc

Host: Intel(R) Core(TM) i7-2670QM CPU @ 2.20GHz, 8 cores, 7G,  Windows 10 , 64 bit Build 18362 (10.0.18362.329)
Time: Wed Apr  8 02:24:43 2020 Iran Daylight Time elapsed time: 0 seconds (0d 0h 0m 0s)

---------------  T H R E A D  ---------------

Current thread (0x00000261ddb94000):  JavaThread "Unknown thread" [_thread_in_vm, id=2864, stack(0x000000dff0200000,0x000000dff0300000)]

Stack: [0x000000dff0200000,0x000000dff0300000]
Native frames: (J=compiled Java code, j=interpreted, Vv=VM code, C=native code)
V  [jvm.dll+0x624f9a]
V  [jvm.dll+0x770cfa]
V  [jvm.dll+0x7724af]
V  [jvm.dll+0x772ab3]
V  [jvm.dll+0x24bf08]
V  [jvm.dll+0x6222aa]
V  [jvm.dll+0x6170b5]
V  [jvm.dll+0x30a88c]
V  [jvm.dll+0x30a6c2]
V  [jvm.dll+0x30fe36]
V  [jvm.dll+0x353f46]
V  [jvm.dll+0x353720]
V  [jvm.dll+0x2e550a]
V  [jvm.dll+0x2e67a2]
V  [jvm.dll+0x74dd78]
V  [jvm.dll+0x361989]
V  [jvm.dll+0x730e65]
V  [jvm.dll+0x3cc53f]
V  [jvm.dll+0x3ce861]
C  [jli.dll+0x51ff]
C  [ucrtbase.dll+0x20e72]
C  [KERNEL32.DLL+0x17bd4]
C  [ntdll.dll+0x6ced1]


---------------  P R O C E S S  ---------------

Threads class SMR info:
_java_thread_list=0x00007ffce3d6ccb8, length=0, elements={
}

Java Threads: ( => current thread )

Other Threads:
  0x00000261ddbd9000 GCTaskThread "GC Thread#0" [stack: 0x000000dff0300000,0x000000dff0400000] [id=8036]
  0x00000261ddbea800 ConcurrentGCThread "G1 Main Marker" [stack: 0x000000dff0400000,0x000000dff0500000] [id=9620]
  0x00000261ddbec800 ConcurrentGCThread "G1 Conc#0" [stack: 0x000000dff0500000,0x000000dff0600000] [id=2628]

[error occurred during error reporting (printing all threads), id 0xc0000005, EXCEPTION_ACCESS_VIOLATION (0xc0000005) at pc=0x00007ffce35a51d7]

VM state:not at safepoint (not fully initialized)

VM Mutex/Monitor currently owned by a thread:  ([mutex/lock_event])
[0x00000261ddb90360] Heap_lock - owner thread: 0x00000261ddb94000

Heap address: 0x0000000080e00000, size: 2034 MB, Compressed Oops mode: Non-zero based: 0x0000000080e00000
Narrow klass base: 0x0000000000000000, Narrow klass shift: 0

GC Heap History (0 events):
No events

Deoptimization events (0 events):
No events

Classes unloaded (0 events):
No events

Classes redefined (0 events):
No events

Internal exceptions (0 events):
No events

Events (8 events):
Event: 0.012 Loaded shared library D:\Program Files\Java\jdk-13.0.2\bin\zip.dll
Event: 0.012 Loaded shared library D:\Program Files\Java\jdk-13.0.2\bin\jimage.dll
Event: 0.013 Loading shared library D:\Program Files\Java\jdk-13.0.2\lib\libjava.base-coop.dll failed, error code 126
Event: 0.013 Loading shared library D:\Program Files\Java\jdk-13.0.2\lib\libjava.logging-coop.dll failed, error code 126
Event: 0.014 Loading shared library D:\Program Files\Java\jdk-13.0.2\lib\libjdk.compiler-coop.dll failed, error code 126
Event: 0.014 Loading shared library D:\Program Files\Java\jdk-13.0.2\lib\libjdk.scripting.nashorn-coop.dll failed, error code 126
Event: 0.014 Loading shared library D:\Program Files\Java\jdk-13.0.2\lib\libjdk.internal.vm.ci-coop.dll failed, error code 126
Event: 0.014 Loading shared library D:\Program Files\Java\jdk-13.0.2\lib\libjdk.internal.vm.compiler-coop.dll failed, error code 126


Dynamic libraries:
0x00007ff6d2720000 - 0x00007ff6d272f000 	D:\Program Files\Java\jdk-13.0.2\bin\java.exe
0x00007ffd19320000 - 0x00007ffd19510000 	C:\WINDOWS\SYSTEM32\ntdll.dll
0x00007ffd17de0000 - 0x00007ffd17e92000 	C:\WINDOWS\System32\KERNEL32.DLL
0x00007ffd16980000 - 0x00007ffd16c23000 	C:\WINDOWS\System32\KERNELBASE.dll
0x00007ffd162b0000 - 0x00007ffd163aa000 	C:\WINDOWS\System32\ucrtbase.dll
0x00007ffd035e0000 - 0x00007ffd035f8000 	D:\Program Files\Java\jdk-13.0.2\bin\jli.dll
0x00007ffd030d0000 - 0x00007ffd030e5000 	D:\Program Files\Java\jdk-13.0.2\bin\VCRUNTIME140.dll
0x00007ffd17b90000 - 0x00007ffd17c33000 	C:\WINDOWS\System32\ADVAPI32.dll
0x00007ffd17f40000 - 0x00007ffd17fde000 	C:\WINDOWS\System32\msvcrt.dll
0x00007ffd17730000 - 0x00007ffd177c7000 	C:\WINDOWS\System32\sechost.dll
0x00007ffd17460000 - 0x00007ffd17580000 	C:\WINDOWS\System32\RPCRT4.dll
0x00007ffd17c40000 - 0x00007ffd17dd4000 	C:\WINDOWS\System32\USER32.dll
0x00007ffd163b0000 - 0x00007ffd163d1000 	C:\WINDOWS\System32\win32u.dll
0x00007ffd18040000 - 0x00007ffd18066000 	C:\WINDOWS\System32\GDI32.dll
0x00007ffd16590000 - 0x00007ffd16724000 	C:\WINDOWS\System32\gdi32full.dll
0x00007ffd02820000 - 0x00007ffd02aa5000 	C:\WINDOWS\WinSxS\amd64_microsoft.windows.common-controls_6595b64144ccf1df_6.0.18362.720_none_e6beb5c51314836b\COMCTL32.dll
0x00007ffd16790000 - 0x00007ffd1682e000 	C:\WINDOWS\System32\msvcp_win.dll
0x00007ffd17840000 - 0x00007ffd17b76000 	C:\WINDOWS\System32\combase.dll
0x00007ffd163e0000 - 0x00007ffd16460000 	C:\WINDOWS\System32\bcryptPrimitives.dll
0x00007ffd15d60000 - 0x00007ffd15d6a000 	C:\WINDOWS\SYSTEM32\VERSION.dll
0x00007ffd17f10000 - 0x00007ffd17f3e000 	C:\WINDOWS\System32\IMM32.DLL
0x00007ffd15d70000 - 0x00007ffd15da0000 	C:\Windows\system32\DriverStore\FileRepository\nvltwu.inf_amd64_0221ce4ec0827f74\nvinitx.dll
0x00007ffd184d0000 - 0x00007ffd18bb5000 	C:\WINDOWS\System32\Shell32.dll
0x00007ffd16460000 - 0x00007ffd164aa000 	C:\WINDOWS\System32\cfgmgr32.dll
0x00007ffd182a0000 - 0x00007ffd18349000 	C:\WINDOWS\System32\shcore.dll
0x00007ffd16c50000 - 0x00007ffd173d0000 	C:\WINDOWS\System32\windows.storage.dll
0x00007ffd16230000 - 0x00007ffd16253000 	C:\WINDOWS\System32\profapi.dll
0x00007ffd16260000 - 0x00007ffd162aa000 	C:\WINDOWS\System32\powrprof.dll
0x00007ffd161e0000 - 0x00007ffd161f0000 	C:\WINDOWS\System32\UMPDC.dll
0x00007ffd18df0000 - 0x00007ffd18e42000 	C:\WINDOWS\System32\shlwapi.dll
0x00007ffd161f0000 - 0x00007ffd16201000 	C:\WINDOWS\System32\kernel.appcore.dll
0x00007ffd16c30000 - 0x00007ffd16c47000 	C:\WINDOWS\System32\cryptsp.dll
0x00007ffcffee0000 - 0x00007ffcfff7b000 	D:\Program Files\Java\jdk-13.0.2\bin\msvcp140.dll
0x00007ffce32b0000 - 0x00007ffce3e0d000 	D:\Program Files\Java\jdk-13.0.2\bin\server\jvm.dll
0x00007ffd17b80000 - 0x00007ffd17b88000 	C:\WINDOWS\System32\PSAPI.DLL
0x00007ffd12e20000 - 0x00007ffd12e44000 	C:\WINDOWS\SYSTEM32\WINMM.dll
0x00007ffd07a10000 - 0x00007ffd07a19000 	C:\WINDOWS\SYSTEM32\WSOCK32.dll
0x00007ffd17ea0000 - 0x00007ffd17f0f000 	C:\WINDOWS\System32\WS2_32.dll
0x00007ffd12df0000 - 0x00007ffd12e1d000 	C:\WINDOWS\SYSTEM32\winmmbase.dll
0x00007ffd08d30000 - 0x00007ffd08d40000 	D:\Program Files\Java\jdk-13.0.2\bin\verify.dll
0x00007ffd07ac0000 - 0x00007ffd07cb4000 	C:\WINDOWS\SYSTEM32\DBGHELP.DLL
0x00007ffd077c0000 - 0x00007ffd077ea000 	C:\WINDOWS\SYSTEM32\dbgcore.DLL
0x00007ffd030a0000 - 0x00007ffd030c6000 	D:\Program Files\Java\jdk-13.0.2\bin\java.dll
0x00007ffd03040000 - 0x00007ffd03057000 	D:\Program Files\Java\jdk-13.0.2\bin\zip.dll
0x00007ffd04580000 - 0x00007ffd0458a000 	D:\Program Files\Java\jdk-13.0.2\bin\jimage.dll

dbghelp: loaded successfully - version: 4.0.5 - missing functions: none
symbol engine: initialized successfully - sym options: 0x614 - pdb path: .;D:\Program Files\Java\jdk-13.0.2\bin;C:\WINDOWS\SYSTEM32;C:\WINDOWS\WinSxS\amd64_microsoft.windows.common-controls_6595b64144ccf1df_6.0.18362.720_none_e6beb5c51314836b;C:\Windows\system32\DriverStore\FileRepository\nvltwu.inf_amd64_0221ce4ec0827f74;D:\Program Files\Java\jdk-13.0.2\bin\server

VM Arguments:
jvm_args: -Dclassworlds.conf=D:\Program Files\maven\apache-maven-3.6.3\bin\..\bin\m2.conf -Dmaven.home=D:\Program Files\maven\apache-maven-3.6.3\bin\.. -Dlibrary.jansi.path=D:\Program Files\maven\apache-maven-3.6.3\bin\..\lib\jansi-native -Dmaven.multiModuleProjectDirectory=E:\googleDrive\me\work\github\motaharinia\learning\Development\javacore 
java_command: org.codehaus.plexus.classworlds.launcher.Launcher javadoc:javadoc
java_class_path (initial): D:\Program Files\maven\apache-maven-3.6.3\bin\..\boot\plexus-classworlds-2.6.0.jar
Launcher Type: SUN_STANDARD

[Global flags]
     intx CICompilerCount                          = 4                                         {product} {ergonomic}
     uint ConcGCThreads                            = 2                                         {product} {ergonomic}
     uint G1ConcRefinementThreads                  = 8                                         {product} {ergonomic}
   size_t G1HeapRegionSize                         = 1048576                                   {product} {ergonomic}
    uintx GCDrainStackTargetSize                   = 64                                        {product} {ergonomic}
   size_t InitialHeapSize                          = 134217728                                 {product} {ergonomic}
   size_t MarkStackSize                            = 4194304                                   {product} {ergonomic}
   size_t MaxHeapSize                              = 2132803584                                {product} {ergonomic}
   size_t MinHeapDeltaBytes                        = 1048576                                   {product} {ergonomic}
   size_t MinHeapSize                              = 8388608                                   {product} {ergonomic}
    uintx NonNMethodCodeHeapSize                   = 5839372                                {pd product} {ergonomic}
    uintx NonProfiledCodeHeapSize                  = 122909434                              {pd product} {ergonomic}
    uintx ProfiledCodeHeapSize                     = 122909434                              {pd product} {ergonomic}
    uintx ReservedCodeCacheSize                    = 251658240                              {pd product} {ergonomic}
     bool SegmentedCodeCache                       = true                                      {product} {ergonomic}
   size_t SoftMaxHeapSize                          = 2132803584                             {manageable} {ergonomic}
     bool UseCompressedClassPointers               = true                                 {lp64_product} {ergonomic}
     bool UseCompressedOops                        = true                                 {lp64_product} {ergonomic}
     bool UseG1GC                                  = true                                      {product} {ergonomic}
     bool UseLargePagesIndividualAllocation        = false                                  {pd product} {ergonomic}

Logging:
Log output configuration:
 #0: stdout all=warning uptime,level,tags
 #1: stderr all=off uptime,level,tags

Environment Variables:
JAVA_HOME=D:\Program Files\Java\jdk-13.0.2
PATH=C:\WINDOWS\system32;C:\WINDOWS;C:\WINDOWS\System32\Wbem;C:\WINDOWS\System32\WindowsPowerShell\v1.0\;C:\WINDOWS\System32\OpenSSH\;C:\Program Files\TortoiseGit\bin;C:\Program Files\Git\cmd;D:\Program Files\nodejs\;D:\Program Files\maven\apache-maven-3.6.3\bin;C:\Program Files\Docker\Docker\resources\bin;C:\ProgramData\DockerDesktop\version-bin;D:\Program Files\Java\jdk-13.0.2\bin;C:\Users\MyUser\AppData\Local\Microsoft\WindowsApps;;d:\Program Files\JetBrains\IntelliJ IDEA 2019.3.3\bin;;C:\Users\MyUser\AppData\Roaming\npm
USERNAME=MyUser
OS=Windows_NT
PROCESSOR_IDENTIFIER=Intel64 Family 6 Model 42 Stepping 7, GenuineIntel



---------------  S Y S T E M  ---------------

OS: Windows 10 , 64 bit Build 18362 (10.0.18362.329)
HyperV virtualization detected

CPU:total 8 (initial active 8) (4 cores per cpu, 2 threads per core) family 6 model 42 stepping 7, cmov, cx8, fxsr, mmx, sse, sse2, sse3, ssse3, sse4.1, sse4.2, popcnt, avx, aes, clmul, ht, tsc, tscinvbit

Memory: 4k page, system-wide physical 8135M (2348M free)
TotalPageFile size 8151M (AvailPageFile size 33M)
current process WorkingSet (physical memory assigned to process): 11M, peak: 11M
current process commit charge ("private bytes"): 61M, peak: 188M

vm_info: Java HotSpot(TM) 64-Bit Server VM (13.0.2+8) for windows-amd64 JRE (13.0.2+8), built on Dec 11 2019 09:20:33 by "mach5one" with unknown MS VC++:1916

END.
